BioNetGen version 2.9.0
Reading from file /Users/yentingl/Downloads/ERK_model/2023_11_19__16_36_46/ERK_model.bngl (level 0)
Read 46 parameters.
Read 9 molecule types.
Read 10 species.
Read 4 observable(s).
Read 4 functions.
Read 39 reaction rule(s).
ACTION: generate_network( ERK_model )
Iteration   0:    10 species      0 rxns  0.00e+00 CPU s
Iteration   1:    13 species      3 rxns  0.00e+00 CPU s
Iteration   2:    16 species      8 rxns  0.00e+00 CPU s
Iteration   3:    20 species     15 rxns  1.00e-02 CPU s
Iteration   4:    23 species     27 rxns  0.00e+00 CPU s
Iteration   5:    24 species     35 rxns  1.00e-02 CPU s
Iteration   6:    31 species     44 rxns  0.00e+00 CPU s
Iteration   7:    32 species     60 rxns  0.00e+00 CPU s
Iteration   8:    33 species     62 rxns  1.00e-02 CPU s
Iteration   9:    34 species     64 rxns  0.00e+00 CPU s
Iteration  10:    34 species     65 rxns  0.00e+00 CPU s
Cumulative CPU time for each rule
Rule   1:     8 reactions 0.00e+00 CPU s 0.00e+00 CPU s/rxn
Rule   2:     2 reactions 0.00e+00 CPU s 0.00e+00 CPU s/rxn
Rule   3:     1 reactions 0.00e+00 CPU s 0.00e+00 CPU s/rxn
Rule   4:     4 reactions 0.00e+00 CPU s 0.00e+00 CPU s/rxn
Rule   5:     4 reactions 0.00e+00 CPU s 0.00e+00 CPU s/rxn
Rule   6:     2 reactions 0.00e+00 CPU s 0.00e+00 CPU s/rxn
Rule   7:     2 reactions 0.00e+00 CPU s 0.00e+00 CPU s/rxn
Rule   8:     1 reactions 0.00e+00 CPU s 0.00e+00 CPU s/rxn
Rule   9:     1 reactions 0.00e+00 CPU s 0.00e+00 CPU s/rxn
Rule  10:     1 reactions 1.00e-02 CPU s 1.00e-02 CPU s/rxn
Rule  11:     1 reactions 0.00e+00 CPU s 0.00e+00 CPU s/rxn
Rule  12:     1 reactions 0.00e+00 CPU s 0.00e+00 CPU s/rxn
Rule  13:     2 reactions 0.00e+00 CPU s 0.00e+00 CPU s/rxn
Rule  14:     2 reactions 1.00e-02 CPU s 5.00e-03 CPU s/rxn
Rule  15:     2 reactions 0.00e+00 CPU s 0.00e+00 CPU s/rxn
Rule  16:     2 reactions 0.00e+00 CPU s 0.00e+00 CPU s/rxn
Rule  17:     2 reactions 0.00e+00 CPU s 0.00e+00 CPU s/rxn
Rule  18:     2 reactions 1.00e-02 CPU s 5.00e-03 CPU s/rxn
Rule  19:     1 reactions 0.00e+00 CPU s 0.00e+00 CPU s/rxn
Rule  20:     1 reactions 0.00e+00 CPU s 0.00e+00 CPU s/rxn
Rule  21:     1 reactions 0.00e+00 CPU s 0.00e+00 CPU s/rxn
Rule  22:     1 reactions 0.00e+00 CPU s 0.00e+00 CPU s/rxn
Rule  23:     1 reactions 0.00e+00 CPU s 0.00e+00 CPU s/rxn
Rule  24:     1 reactions 0.00e+00 CPU s 0.00e+00 CPU s/rxn
Rule  25:     1 reactions 0.00e+00 CPU s 0.00e+00 CPU s/rxn
Rule  26:     1 reactions 0.00e+00 CPU s 0.00e+00 CPU s/rxn
Rule  27:     1 reactions 0.00e+00 CPU s 0.00e+00 CPU s/rxn
Rule  28:     1 reactions 0.00e+00 CPU s 0.00e+00 CPU s/rxn
Rule  29:     3 reactions 0.00e+00 CPU s 0.00e+00 CPU s/rxn
Rule  30:     3 reactions 0.00e+00 CPU s 0.00e+00 CPU s/rxn
Rule  31:     1 reactions 0.00e+00 CPU s 0.00e+00 CPU s/rxn
Rule  32:     1 reactions 0.00e+00 CPU s 0.00e+00 CPU s/rxn
Rule  33:     1 reactions 0.00e+00 CPU s 0.00e+00 CPU s/rxn
Rule  34:     1 reactions 0.00e+00 CPU s 0.00e+00 CPU s/rxn
Rule  35:     1 reactions 0.00e+00 CPU s 0.00e+00 CPU s/rxn
Rule  36:     1 reactions 0.00e+00 CPU s 0.00e+00 CPU s/rxn
Rule  37:     1 reactions 0.00e+00 CPU s 0.00e+00 CPU s/rxn
Rule  38:     1 reactions 0.00e+00 CPU s 0.00e+00 CPU s/rxn
Rule  39:     1 reactions 0.00e+00 CPU s 0.00e+00 CPU s/rxn
Total   :    65 reactions 3.00e-02 CPU s 4.62e-04 CPU s/rxn
Wrote network in net format to ./ERK_model.net.
CPU TIME: generate_network 0.03 s.
Saved current parameters with label 'DEFAULT'
CPU TIME: saveParameters 0.00 s.
Saved current species concentrations with label "DEFAULT"
CPU TIME: saveConcentrations 0.00 s.
ACTION: simulate( method=>"cvode" )
Network simulation using cvode
Wrote network in net format to ./ERK_model_ODE.net.
Running run_network on pn2200451.lanl.gov
full command: /Users/yentingl/opt/anaconda3/lib/python3.9/site-packages/bionetgen/bng-mac/bin/run_network -o ./ERK_model_ODE -p cvode -a 1e-08 -r 1e-08 --cdat 1 --fdat 0 -g ./ERK_model_ODE.net ./ERK_model_ODE.net 8.64 1000
[simulation PID is: 66474]
run_network 3.0
Read 59 parameters from ./ERK_model_ODE.net
Read 34 species from ./ERK_model_ODE.net
Read 4 group(s) from ./ERK_model_ODE.net
Read 4 function(s) from ./ERK_model_ODE.net
Read 65 reaction(s) from ./ERK_model_ODE.net
65 reaction(s) have nonzero rate
Initialization took 0.00 CPU seconds
Propagating with cvode using dense LU
Time course of concentrations written to file ./ERK_model_ODE.cdat.
Time course of groups written to file ./ERK_model_ODE.gdat.
Propagation took 2.00e-02 CPU seconds
Program times:  0.02 CPU s 0.00 clock s
Updating species concentrations from ./ERK_model_ODE.cdat
CPU TIME: simulate 0.03 s.
Finished processing file /Users/yentingl/Downloads/ERK_model/2023_11_19__16_36_46/ERK_model.bngl.
CPU TIME: total 0.09 s.